c:\courses\ishai\50483a\1\tostudents\module7\code\slide69\permutationexample\permutationexample\debug\permutationexample.pch
c:\courses\ishai\50483a\1\tostudents\module7\code\slide69\permutationexample\permutationexample\debug\vc120.pdb
c:\courses\ishai\50483a\1\tostudents\module7\code\slide69\permutationexample\permutationexample\debug\stdafx.obj
c:\courses\ishai\50483a\1\tostudents\module7\code\slide69\permutationexample\permutationexample\debug\permutationexample.obj
c:\courses\ishai\50483a\1\tostudents\module7\code\slide69\permutationexample\permutationexample\debug\assemblyinfo.obj
c:\courses\ishai\50483a\1\tostudents\module7\code\slide69\permutationexample\permutationexample\debug\.netframework,version=v4.5.assemblyattributes.obj
c:\temp\elbit-50483\lesson5\module7\code\slide69\permutationexample\permutationexample\debug\permutationexample.pch
c:\temp\elbit-50483\lesson5\module7\code\slide69\permutationexample\permutationexample\debug\vc140.pdb
c:\temp\elbit-50483\lesson5\module7\code\slide69\permutationexample\permutationexample\debug\stdafx.obj
c:\temp\elbit-50483\lesson5\module7\code\slide69\permutationexample\permutationexample\debug\assemblyinfo.obj
c:\courses\ishai\50483a\1\tostudents\module7\code\slide69\permutationexample\debug\permutationexample.exe
c:\courses\ishai\50483a\1\tostudents\module7\code\slide69\permutationexample\debug\permutationexample.pdb
c:\temp\elbit-50483\lesson5\module7\code\slide69\permutationexample\permutationexample\debug\permutationexample.vcxprojresolveassemblyreference.cache
c:\temp\elbit-50483\lesson5\module7\code\slide69\permutationexample\permutationexample\debug\.netframework,version=v4.5.assemblyattributes.obj
c:\temp\elbit-50483\lesson5\module7\code\slide69\permutationexample\permutationexample\debug\permutationexample.obj
c:\temp\elbit-50483\lesson5\module7\code\slide69\permutationexample\permutationexample\debug\vc120.pdb
c:\temp\elbit-50483\lesson5\module7\code\slide69\permutationexample\debug\permutationexample.pdb
c:\temp\elbit-50483\lesson5\module7\code\slide69\permutationexample\debug\permutationexample.exe
c:\temp\elbit-50483\lesson5\module7\code\slide69\permutationexample\permutationexample\debug\permutat.7765d507.tlog\cl.command.1.tlog
c:\temp\elbit-50483\lesson5\module7\code\slide69\permutationexample\permutationexample\debug\permutat.7765d507.tlog\cl.read.1.tlog
c:\temp\elbit-50483\lesson5\module7\code\slide69\permutationexample\permutationexample\debug\permutat.7765d507.tlog\cl.write.1.tlog
c:\temp\elbit-50483\lesson5\module7\code\slide69\permutationexample\permutationexample\debug\permutat.7765d507.tlog\link.command.1.tlog
c:\temp\elbit-50483\lesson5\module7\code\slide69\permutationexample\permutationexample\debug\permutat.7765d507.tlog\link.read.1.tlog
c:\temp\elbit-50483\lesson5\module7\code\slide69\permutationexample\permutationexample\debug\permutat.7765d507.tlog\link.write.1.tlog
c:\temp\elbit-50483\lesson5\module7\code\slide69\permutationexample\permutationexample\debug\permutat.7765d507.tlog\metagen.read.1.tlog
c:\temp\elbit-50483\lesson5\module7\code\slide69\permutationexample\permutationexample\debug\permutat.7765d507.tlog\metagen.write.1.tlog
c:\temp\elbit-50483\lesson5\module7\code\slide69\permutationexample\permutationexample\debug\permutat.7765d507.tlog\tzres.dll.bi
