c:\courses\ishai\50483a\1\tostudents\module7\code\slide47\example1\csharptocli\clidll\debug\clidll.pch
c:\courses\ishai\50483a\1\tostudents\module7\code\slide47\example1\csharptocli\clidll\debug\vc120.pdb
c:\courses\ishai\50483a\1\tostudents\module7\code\slide47\example1\csharptocli\clidll\debug\stdafx.obj
c:\courses\ishai\50483a\1\tostudents\module7\code\slide47\example1\csharptocli\clidll\debug\clidll.obj
c:\courses\ishai\50483a\1\tostudents\module7\code\slide47\example1\csharptocli\clidll\debug\assemblyinfo.obj
c:\courses\ishai\50483a\1\tostudents\module7\code\slide47\example1\csharptocli\debug\clidll.dll
c:\courses\ishai\50483a\1\tostudents\module7\code\slide47\example1\csharptocli\debug\clidll.pdb
c:\courses\ishai\50483a\1\tostudents\module7\code\slide47\example1\csharptocli\clidll\debug\app.res
c:\courses\ishai\50483a\1\tostudents\module7\code\slide47\example1\csharptocli\clidll\debug\clidll.vcxprojresolveassemblyreference.cache
c:\courses\ishai\50483a\1\tostudents\module7\code\slide47\example1\csharptocli\clidll\debug\.netframework,version=v4.5.assemblyattributes.obj
c:\courses\ishai\50483a\1\tostudents\module7\code\slide47\example1\csharptocli\clidll\debug\clidll.tlog\cl.command.1.tlog
c:\courses\ishai\50483a\1\tostudents\module7\code\slide47\example1\csharptocli\clidll\debug\clidll.tlog\cl.read.1.tlog
c:\courses\ishai\50483a\1\tostudents\module7\code\slide47\example1\csharptocli\clidll\debug\clidll.tlog\cl.write.1.tlog
c:\courses\ishai\50483a\1\tostudents\module7\code\slide47\example1\csharptocli\clidll\debug\clidll.tlog\link.command.1.tlog
c:\courses\ishai\50483a\1\tostudents\module7\code\slide47\example1\csharptocli\clidll\debug\clidll.tlog\link.read.1.tlog
c:\courses\ishai\50483a\1\tostudents\module7\code\slide47\example1\csharptocli\clidll\debug\clidll.tlog\link.write.1.tlog
c:\courses\ishai\50483a\1\tostudents\module7\code\slide47\example1\csharptocli\clidll\debug\clidll.tlog\metagen.read.1.tlog
c:\courses\ishai\50483a\1\tostudents\module7\code\slide47\example1\csharptocli\clidll\debug\clidll.tlog\metagen.write.1.tlog
c:\courses\ishai\50483a\1\tostudents\module7\code\slide47\example1\csharptocli\clidll\debug\clidll.tlog\rc.command.1.tlog
c:\courses\ishai\50483a\1\tostudents\module7\code\slide47\example1\csharptocli\clidll\debug\clidll.tlog\rc.read.1.tlog
c:\courses\ishai\50483a\1\tostudents\module7\code\slide47\example1\csharptocli\clidll\debug\clidll.tlog\rc.write.1.tlog
c:\courses\ishai\50483a\1\tostudents\module7\code\slide47\example1\csharptocli\clidll\debug\clidll.tlog\tzres.dll.bi
