c:\users\hadraha.training\desktop\csharpadv\lesson5 - not final\exercise54\clitocsharpex\clitocsharp\cliexe\debug\cliexe.pch
c:\users\hadraha.training\desktop\csharpadv\lesson5 - not final\exercise54\clitocsharpex\clitocsharp\cliexe\debug\vc140.pdb
c:\users\hadraha.training\desktop\csharpadv\lesson5 - not final\exercise54\clitocsharpex\clitocsharp\cliexe\debug\stdafx.obj
c:\users\hadraha.training\desktop\csharpadv\lesson5 - not final\exercise54\clitocsharpex\clitocsharp\cliexe\debug\assemblyinfo.obj
c:\users\hadraha.training\desktop\csharpadv\lesson5 - not final\exercise54\clitocsharpex\clitocsharp\cliexe\debug\cliexe.obj
c:\users\hadraha.training\desktop\csharpadv\lesson5 - not final\exercise54\clitocsharpex\clitocsharp\cliexe\debug\.netframework,version=v4.5.2.assemblyattributes.obj
c:\users\hadraha.training\desktop\csharpadv\lesson5 - not final\exercise54\clitocsharpex\clitocsharp\cliexe\debug\.netframework,version=v4.5.2.assemblyattributes.asm
c:\users\hadraha.training\desktop\csharpadv\lesson5 - not final\exercise54\clitocsharpex\clitocsharp\debug\csharpdll.dll
c:\users\hadraha.training\desktop\csharpadv\lesson5 - not final\exercise54\clitocsharpex\clitocsharp\debug\csharpdll.pdb
c:\users\hadraha.training\desktop\csharpadv\lesson5 - not final\exercise54\clitocsharpex\clitocsharp\cliexe\debug\cliexe.tlog\metagen.write.1.tlog
c:\users\hadraha.training\desktop\csharpadv\lesson5 - not final\exercise54\clitocsharpex\clitocsharp\cliexe\debug\cliexe.vcxprojresolveassemblyreference.cache
c:\users\hadraha.training\desktop\csharpadv\lesson5 - not final\exercise54\clitocsharpex\clitocsharp\cliexe\debug\cliexe.tlog\cl.command.1.tlog
c:\users\hadraha.training\desktop\csharpadv\lesson5 - not final\exercise54\clitocsharpex\clitocsharp\cliexe\debug\cliexe.tlog\cl.read.1.tlog
c:\users\hadraha.training\desktop\csharpadv\lesson5 - not final\exercise54\clitocsharpex\clitocsharp\cliexe\debug\cliexe.tlog\cl.write.1.tlog
c:\users\hadraha.training\desktop\csharpadv\lesson5 - not final\exercise54\clitocsharpex\clitocsharp\cliexe\debug\cliexe.tlog\cliexe.write.1u.tlog
c:\users\hadraha.training\desktop\csharpadv\lesson5 - not final\exercise54\clitocsharpex\clitocsharp\cliexe\debug\cliexe.tlog\metagen.read.1.tlog
c:\users\hadraha.training\desktop\csharpadv\lesson5 - not final\exercise54\clitocsharpex\clitocsharp\cliexe\debug\cliexe.tlog\rc.command.1.tlog
c:\users\hadraha.training\desktop\csharpadv\lesson5 - not final\exercise54\clitocsharpex\clitocsharp\cliexe\debug\cliexe.tlog\rc.read.1.tlog
c:\users\hadraha.training\desktop\csharpadv\lesson5 - not final\exercise54\clitocsharpex\clitocsharp\cliexe\debug\cliexe.tlog\rc.write.1.tlog
c:\users\hadraha.training\desktop\csharpadv\lesson5 - not final\exercise54\clitocsharpex\clitocsharp\cliexe\debug\cliexe.tlog\csharpdll.dll.metagen
c:\users\hadraha.training\desktop\csharpadv\lesson5 - not final\exercise54\clitocsharpex\clitocsharp\cliexe\debug\cliexe.tlog\rsaenh.dll.bi
c:\users\hadraha.training\desktop\csharpadv\lesson5 - not final\exercise54\clitocsharpex\clitocsharp\cliexe\debug\cliexe.tlog\tzres.dll.bi
