c:\users\hadraha.training\documents\visual studio 2015\projects\csharptocli\clldll\debug\clldll.pch
c:\users\hadraha.training\documents\visual studio 2015\projects\csharptocli\clldll\debug\vc140.pdb
c:\users\hadraha.training\documents\visual studio 2015\projects\csharptocli\clldll\debug\stdafx.obj
c:\users\hadraha.training\documents\visual studio 2015\projects\csharptocli\clldll\debug\clldll.obj
c:\users\hadraha.training\documents\visual studio 2015\projects\csharptocli\clldll\debug\assemblyinfo.obj
c:\users\hadraha.training\documents\visual studio 2015\projects\csharptocli\clldll\debug\.netframework,version=v4.5.2.assemblyattributes.obj
c:\users\hadraha.training\documents\visual studio 2015\projects\csharptocli\clldll\debug\.netframework,version=v4.5.2.assemblyattributes.asm
c:\users\hadraha.training\documents\visual studio 2015\projects\csharptocli\debug\clldll.dll
c:\users\hadraha.training\documents\visual studio 2015\projects\csharptocli\debug\clldll.pdb
c:\users\hadraha.training\documents\visual studio 2015\projects\csharptocli\clldll\debug\app.res
c:\users\hadraha.training\documents\visual studio 2015\projects\csharptocli\clldll\debug\clldll.tlog\cl.command.1.tlog
c:\users\hadraha.training\documents\visual studio 2015\projects\csharptocli\clldll\debug\clldll.tlog\cl.read.1.tlog
c:\users\hadraha.training\documents\visual studio 2015\projects\csharptocli\clldll\debug\clldll.tlog\cl.write.1.tlog
c:\users\hadraha.training\documents\visual studio 2015\projects\csharptocli\clldll\debug\clldll.tlog\link.command.1.tlog
c:\users\hadraha.training\documents\visual studio 2015\projects\csharptocli\clldll\debug\clldll.tlog\link.read.1.tlog
c:\users\hadraha.training\documents\visual studio 2015\projects\csharptocli\clldll\debug\clldll.tlog\link.write.1.tlog
c:\users\hadraha.training\documents\visual studio 2015\projects\csharptocli\clldll\debug\clldll.tlog\metagen.read.1.tlog
c:\users\hadraha.training\documents\visual studio 2015\projects\csharptocli\clldll\debug\clldll.tlog\metagen.write.1.tlog
c:\users\hadraha.training\documents\visual studio 2015\projects\csharptocli\clldll\debug\clldll.tlog\rc.command.1.tlog
c:\users\hadraha.training\documents\visual studio 2015\projects\csharptocli\clldll\debug\clldll.tlog\rc.read.1.tlog
c:\users\hadraha.training\documents\visual studio 2015\projects\csharptocli\clldll\debug\clldll.tlog\rc.write.1.tlog
c:\users\hadraha.training\documents\visual studio 2015\projects\csharptocli\clldll\debug\clldll.tlog\rsaenh.dll.bi
c:\users\hadraha.training\documents\visual studio 2015\projects\csharptocli\clldll\debug\clldll.tlog\tzres.dll.bi
